500
0 274 676 730 885 968 1110 1207 1645 2236 2382 2409 2437 2504 5775 5962 7044
1 33 88 235 241 292 503 567 621 847 879 928 978 1332 1770 1868 2349 2902 7120 8470
2 46 172 188 338 656 736 1216 1564 1647 1781 1842 1928 2111 2275 2446 3092 4045 4352
3 277 1098 1103 1231 1363 1465 1873 1916 2035 2060 2696 2782 2927 3071 3740 5742 5946
4 258 634 772 1108 1126 1281 1456 1505 1633 1835 1875 1958 2013 6467
5 212 302 354 358 364 509 531 576 709 732 1002 1668 2175 8293
6 27 28 159 565 796 812 1087 1168 1199 1444 1924 2028 2072 3905
7 173 526 697 749 993 1338 1394 1406 1543 1571 1598 1606 1882 2600 2983 7575 8116
8 291 455 654 865 1084 1100 1153 1301 1395 1642 1708 1738 3113 3302 3307 3519 3875 5198 5783 8487
9 12 492 532 533 582 622 665 837 889 1034 1256 1356 1822 2088 2260 3836 4108 6134 9007
10 59 263 528 851 947 1051 1219 1303 1366 1439 1856 2041 3724 3830 4561
11 481 543 638 756 1090 1477 1621 1699 2025 2031 2603 2918 3213 3507 4170 6692
12 9 237 389 518 549 571 720 1141 1279 1609 2109 2533 2917 3757
13 25 150 210 253 318 496 611 951 982 1105 1229 1272 1404 2019 3103
14 289 304 405 700 917 927 933 963 991 1248 1466 1535 1588 1607 1651 1852 2136 2676 3006 3178 6675
15 98 254 322 347 430 493 513 560 733 836 930 935 945 1021 1156 1343 1430 2182 3061
16 7 66 365 737 1121 1235 1593 2198 2773 2803 3347 3641 3658 3722 3784 3916 4787 9677 9991
17 39 907 1075 1280 1335 1467 2149 2232 2243 2655 3028 5175 5373 6030
18 451 464 1054 1088 1158 1618 1629 1793 4463
19 157 327 666 702 704 747 798 936 1092 1325 1746 2805 3944
20 119 334 563 739 817 1062 1561 1834 2475 2966 3044 3184 6986
21 67 107 149 171 229 297 335 546 809 2760
22 778 1305 1608 1762 1766 1836 2110 2711 3552 3600 3977 4528 7165 9444
23 415 970 2002 2011 2112 2123 2451 2595 2771 2945 2977 3001 3602 3948 9160
24 1 170 432 465 673 890 939 1001 1005 1018 1259 1867
25 95 394 499 942 1061 1217 1485 1660 2520 2552 2790 3584 3798 7864 9533
26 97 1068 1526 2388 2855 3205 3457 3728 5190 5303
27 139 206 275 329 386 619 735 741 834 886 1471 3135 3521 3566 3964 7055
28 96 281 463 557 784 806 822 937 1254 1307 1494 1559 1730 2652
29 102 178 399 444 474 759 1209 1333 1497 1749 2422 2534 2627 2665 3167 3463
30 378 628 795 1378 1624 2373 2893 3494 3612 3699 4473 5875 7099
31 462 591 1171 1230 1515 1604 2157 2527 3096 3110 3723 3801 4020 4636 4893 5438 6458
32 160 325 351 486 815 1086 1237 1450 1596 1723 3232 4985 8671
33 74 94 109 146 176 494 748 777 832 903 1721 1794 2608
34 106 133 151 245 293 362 500 751 1048 1478 1574 1799 1869 2115 2392 3077
35 209 495 552 699 911 932 1284 1435 1824 3098 4765 7883 8325
36 882 931 1255 1386 1682 1714 1887 1889 1923 1926 2171 2452 3122 4928
37 86 536 831 857 899 1144 1547 1758 1812 2327 3870
38 995 1026 1952 3187 3299 3332 3471 3756 4271 5368 6285
39 271 280 308 660 1534 1683 1879 1959 2047 2074 2205 2588 2714 3119 3261 5862 7266
40 81 423 459 873 1238 1613 1623 1670 1966 2213 2428 2809 2942 3022 3238
41 58 554 941 959 1115 1241 1312 1320 1499 1672 1734 2116 2666 9224
42 538 677 923 1373 2352 2411 2464 2467 2930 3062 3403 3509 5192
43 29 131 192 534 838 1403 1481 2268 3265 3441 5524 6327 7852
44 35 517 1045 1298 1311 1679 1739 1864 1874 1925 2125 2431 2542 3137
45 18 93 142 476 786 1112 1915 2209 2447 2461 3047 3480 3588 3718 8841
46 31 332 441 1437 1522 1871 2070 2179 2820 2979 3005 3142 3493 3865 4224 4912 5752 6734
47 296 446 1146 1509 2022 2107 2230 2516 2558 3582 6486
48 189 598 1200 1309 1387 1461 1750 2200 2332 2871 3072 4437
49 339 613 1934 2021 2056 2130 2474 2511 3976 4191 4212 4214 4297
50 249 502 592 1037 1433 1558 2077 2302 2660 3117 3185 4089 5768
51 130 314 896 1085 1315 1354 1628 1698 1732 1772 1910 2085 2113 2589 3769 4493 5149 6613
52 82 234 260 396 782 839 1066 1517 1976 2199 2270 2304 2717 5322 6021 6880 6938
53 215 216 343 346 570 659 1649 1936 2688 4107 7699
54 392 525 539 742 929 1350 1954 2642 3076 3703 3731 6049 9836
55 757 1555 1700 2470 2480 3055 3136 3412 4686 5044 5071 5111 5138
56 397 604 633 637 706 804 987 1180 1246 1262 1388 2444 2784 3125 4180
57 155 1228 1486 1981 2124 3661 4211 5043 5119 5734 5969 7473 8281
58 725 776 1128 1314 1442 1661 2261 2442 2677 2730 3112 3326 6137 7949
59 200 228 584 1041 1747 1975 2000 2154 2641 2734 4967 6028
60 369 443 456 646 850 1304 1595 1967 2214 2247 3275 4085 4234 4343 4346 4746
61 53 90 803 1185 1826 2007 2619 2900 3618 3783 4009 4293 9704
62 34 461 761 1353 2122 3950 4087 4420 4935 5220 5255 6047 6381 7178
63 162 273 555 1346 2042 2387 3138 3259 3391 3468 3550 3907 8251
64 21 181 708 1531 2611 3161 3217 3354 4173 4384 5110 5507 6608 7026 8484 9114
65 342 779 1546 3453 4104 4209 4315 5053 5223 5621 6144 6539 6771 7457 8582 9274 9400
66 497 515 607 616 620 754 938 1222 1436 1615 1763 2147 3885 3982 6584
67 340 391 602 990 1038 1591 2204 2367 2563 3802 4909
68 186 324 361 599 791 814 909 962 5677
69 51 179 1400 2485 2749 3129 3195 3314 3603 3753 4174 4303 4396 4517 7085 8134 9169
70 506 662 1119 1183 1457 1586 3505 3894 3955 4039 4367 4379 5010 5349 7173
71 5 40 255 286 299 585 793 846 1443 1551 1560 1563 2410
72 76 87 201 265 311 433 479 653 750 1032 2322 6014 9842
73 32 161 683 769 986 1053 1081 1203 1352 1460 1685
74 164 478 1376 1569 2065 3152 3573 4457 4701 4786 5741 5844 6499
75 113 221 315 371 505 530 623 752 1297 1302 3601 5064 5580
76 301 337 366 609 674 728 910 996 1431 1542 2584 2650 4091 5762 7367 9848
77 183 341 417 985 1107 1190 1342 1398 1575 1706 2353 5397
78 251 487 746 1702 2400 2978 3049 3449 3594 3818 4294 4355 8130 9600
79 310 379 514 729 740 988 1140 1266 1455 1805 2057 2162 2252
80 404 581 675 853 1319 1424 2054 2090 2178 2241 2318 4619
81 426 690 877 980 1012 1538 1638 2299 2498 3011 4712 5446
82 202 219 801 940 1214 1264 1337 1367 1786 2048 2155 2662 3670 5817
83 23 680 805 1204 1370 1495 1603 2267 2300 2909 2937 7709
84 1044 1179 1524 2486 2510 2615 2746 2785 3007 4256 4391 5268 5326 5378 5468 6029
85 1187 1659 1692 2093 2187 3812 5453 5716 5837 7084
86 152 967 1060 1470 1665 1914 2547 2658 2843 3091 4134 5193
87 402 1166 1291 1479 1790 2053 2224 2294 2295 2334 2418 5248
88 298 437 1148 1644 2058 2839 2898 3156 3294 3662 3817 3862 4662 8043
89 238 276 345 547 1286 1428 1550 2133 2192 2661 2861 3635 3742 4807 4901 4953
90 45 252 548 605 669 1208 1472 1554 1808 1919 2643 3760 4469 4494 5838 6547 9483 9615
91 1191 1408 2237 2348 2460 2675 2804 3218 3319 3435 4094 7206
92 2725 3181 3770 4633 4754 4971 5380 5475 6630 6953 9265
93 485 642 787 965 1138 1243 1473 1578 1791 2620 2798 2984 3226 3278 3585 6187 9075
94 1804 1899 2212 3324 3504 3835 3946 4436 5307 6119 6168 6648 8062 9292
95 891 2079 2429 2668 3311 4019 4801 4947 5049 5171 5808 5998
96 722 1050 1263 1289 1754 2916 4046 5261 5980 7742 7971 8620
97 26 477 824 866 898 904 961 1052 1267 1529 1771 2346 2496 3876 5715
98 2068 3303 4865 7249 7934 9199 9411
99 36 128 450 540 695 892 1080 1181 1488 1573 2593 2982
100 191 287 780 1192 1498 1891 2296 3030 3276 3400 3965 4160 4280 5194 5294
101 91 333 895 1300 1384 1492 2380 2381 3106 3871 8728 8812
102 225 641 964 979 1610 1828 2564 2869 3086 3111 3249 3333 3516 7511 9349
103 70 242 564 651 856 1040 1487 1893 2307 2605 3241
104 174 593 1653 1825 1921 1999 2140 2315 2678 7880
105 122 682 753 1047 1585 2119 2635 2992 3379 3398 3664 4069 4759 5042 6423 7219 7240
106 359 1071 1757 2582 4165 5626 5884 5889 6785 7374 8258 9716
107 262 1097 1678 1809 1831 1944 1950 2215 2586 3019 3174 3254 3767 4511 6482
108 1364 1735 2181 2244 3342 4616 5091 5704 6296 8999
109 125 671 1210 1273 1528 1637 1695 1843 2118 2536 3597 3609 3937 4011 4639 8495
110 41 743 1215 1397 1446 1581 2370 2684 3490 5584 6084
111 89 185 307 418 799 1201 1206 1557 1612 1717 1833 1932 2386 5458
112 43 49 80 1076 1458 1599 2250 2278 2543 4680
113 436 1117 1459 2433 2436 5630 5711 5792 9691
114 104 344 835 958 1102 2503 2704 2901 3088 3437 3788
115 15 1074 1326 1631 2218 2415 2694 2759 3051 3375 4526
116 1641 2797 4344 4527 4716 4770 4884 5027 5152 5381 5592 6056 6822 8145
117 454 3024 3036 3720 3925 4313 4411 4558 4731 4779 5077 9228 9322
118 117 226 257 589 698 788 859 881 1035 1635 1855 3700 7267 8257 9659
119 193 764 1082 1680 1744 1901 2255 2530 2537 2560 2739 7845
120 403 1697 2829 2967 3538 4033 4176 7294 7633 7713 7758 8674
121 773 901 2585 2669 3042 3542 4257 4285 4357 4803 5247 5996 6067 6322 6528 6817
122 295 429 864 912 1330 1514 2016 2376 2494 2850 3127 3697 4314 8121 9374
123 24 169 190 197 227 283 357 448 460 705 842 883 915 1125 2857 3320 4531 7791
124 313 1711 1810 2029 2972 3446 3819 3981 4697 6326 6683 6989 7290 7856 8044 8466 8712 8923
125 821 1152 2306 3322 4247 4924 4925 4958 5052 5374 6053 6537 7454 7557
126 501 688 707 1058 1602 2165 2172 2208 2462 2779 2923 3592 3732
127 135 508 1368 1759 1773 1829 2671 3460 4110 4269 4311 4348 4883 5335 5526 5746 5797 9301 9545
128 177 264 434 453 1250 1292 1733 1821 1850 1945 2570 2607 2706 2738 6827
129 385 4637 6081 7948 9286 9404
130 37 239 321 491 610 1093 1129 1195 1295 1851 2076 2450 3481 3853 8618
131 121 1918 2235 2258 2592 2654 3155 4044 4222 6724 8423
132 126 259 586 1663 1718 1865 2145 2223 2523 2808 2929 3761 5471 5748
133 624 1290 1870 1896 2139 2150 2489 2553 2692 3002 3368 3560 4194 4474 5961
134 770 2521 2651 3094 3739 4461 5785 7065 7212 7330 7460 8994
135 618 647 1147 1154 1518 1784 1912 2281 2463 2612 3888 4084 4143 4886 7820 8150
136 68 416 755 1095 2448 2514 2971 3628 4037 5546 9230 9940
137 1167 1657 1957 2384 2414 4169 4713 5116 7243 8128 8406 8513 8587 9446
138 330 363 380 811 1329 2914 2974 4405 4555 5483 6985 8183
139 523 715 969 1968 2768 2799 2952 3050 3263 3413 3517 3750 3771 6487
140 601 887 1358 1969 2231 2395 2659 2828 2920 3176 3280 3474 4163 6960
141 921 1186 1274 1905 5267 5472 6518 6535 7488 7542 7777 7785 9908
142 367 691 828 1027 1341 1402 1513 1909 2439 3518 4195 4521 4684 5219 8711
143 643 2004 2932 3031 3078 3499 4127 4401 4761 5144 5215 6087 6362 7179 9607
144 240 248 270 288 816 1004 1227 1463 1500 1725 1877 2555 2577
145 1693 2522 2892 3015 3242 3570 4210 4476 5028 5694 6073 6139 8713
146 1251 2222 4435 6350 7598 7870 8172
147 62 550 820 1042 1049 1132 1764 2366 2848 2976 3212 3335 4695 5288 9968
148 406 762 1043 1163 1383 1405 1411 1426 1432 1567 1646 1696 1846 2240 2372 2856 7438 8832
149 800 1317 3579 3934 4272 4460 4992 6851 9476
150 4 424 716 957 1025 1236 1392 1412 1469 1589 4669
151 1448 2421 3105 3991 4800 5631 5776 5974 7153 9689
152 166 213 471 1174 1258 1361 2546 3144 3512 3633 4428 4919 7379
153 112 926 948 1539 2792 2890 5068 5296 5571 5761 7109
154 1173 2018 3726 3749 3841 3904 5858 6764 6971
155 72 204 205 223 317 319 529 855 1142 1778 1995 3936 7517
156 57 180 575 1233 1417 1951 2614 2877 2964 9621
157 562 1476 1521 1900 2259 2800 2997 3247 4785 8240 9970
158 148 236 246 693 854 1151 1157 1278 1468 1582 4354
159 2174 2981 4031 4057 4077 4329 4423 4439 5379 6689 9034 9479
160 71 374 577 632 775 1671 2817 3114 3190 3256 3476 3957 3972 4679 7193
161 69 2341 2683 3640 3667 3686 4140 4238 4572 5298 6126
162 472 797 1830 2473 2540 9011
163 3 129 284 679 1299 1391 1533 1704 1964 1987 2298 2420 2453 3020 3530
164 875 1849 2350 2810 2960 3102 3108 3502 3510 3595 3613 3676 6178 7861 8716
165 427 572 2194 2257 2618 2682 3472 6647 6853 7041 7574 8688
166 387 687 1632 2354 2912 3271 3338 4239 5034 7795 8445
167 6 348 373 480 655 684 774 1024 1520 1741 4890
168 184 383 944 1502 1548 1982 2679 2715 2716 4199 4245 7500 9023 9995
169 83 516 524 1096 1451 2037 2170 2239 2721 3273 3383 3851 5014 6538 8880
170 336 908 2137 2825 3873 5443 5965 7425 7959 8241 8248 8491 8949
171 141 510 644 1078 1189 1334 1491 1572 1605 1703 3792 7652 8227
172 55 147 306 559 2580 3012 3295 3673 4096 4478 4804 5214 5258 7960
173 50 123 355 1160 1577 1634 1859 1963 2040 2312 2426 3093 4698
174 823 1184 2160 3632 4062 5103 5339 8367 8865
175 250 1030 1149 1245 1813 2045 2541 2968 3054 3500 6352 6409
176 85 425 972 2193 3316 3353 3429 3990 4532 4581 4594 4783
177 1787 2001 2176 2357 3758 4016 4359 4441 4466 4696 4788 4882 7199 7564
178 685 1106 1504 1823 2329 2402 2726 3209 3486 3763 4148 6306 6625 6631
179 175 845 1019 1165 3359 3534 5999 6015 8989 9543
180 64 156 278 1365 1782 1880 2874 3075 3447 3748 3796 5321 5784 7752 7759 7968
181 370 2288 2321 2574 2736 3289 4349 4590 4659 4957 5832 6444 9637
182 168 590 1620 2438 3677 4064 4301 4477 4830
183 689 840 1344 1369 1674 2188 2943 3309 3690 4267 4337 4373 5494 6057
184 1015 1091 1249 1276 1374 1532 2454 2636 3210 3511 3568 4129
185 522 916 953 1260 1380 2167 2202 3081 4233 5051 6730 8089 8649
186 77 949 1658 2557 2904 3488 3843 4060 4138 4678 4824 4974 5796 6196 6268 6895 7389 7762
187 182 410 435 794 872 1114 1277 1345 1493 2032 2134 2135 2404 2628 6301
188 556 3702 7027 7680 7920 8053 8683 8714 9413
189 230 484 1371 1597 1803 2335 2728 4253 4718
190 768 1197 1418 2246 2621 2924 2969 3070 3230 3348 5309
191 467 475 1013 2156 2216 2698 3175 5160 5877 5892 6012 6519
192 390 422 1182 2323 2449 4128 4656 4980 5359 5778
193 1261 3416 3606 3766 3774 3813 4634 4689 5230 6060 6369 6687 6722 6808 7342
194 167 1445 3482 5222 5545 6637 7188 7383 9219
195 79 1662 3395 3436 3492 3531 4326 5646 5771 6376 8700
196 440 1648 1971 2014 3109 3370 4870 5038 5747 8328 8607 8837
197 868 1296 2010 2015 2963 3243 4054 4364 4740 6121 6912 9931
198 16 535 1067 1175 1413 1601 1756 1985 1998 2043 2186 2959 3752 4828 5668 7899
199 1070 1375 2282 2672 2793 2944 3344 4345 4880 6839 7298 8676
200 377 1447 2229 2513 2745 2987 3789 3797 4004 5169 5485 5721 5736 5788 7185 9903
201 452 1516 2026 2141 2343 2495 2539 2845 4489 5500 6223 6403 8140
202 627 4664 4842 5316 6150 6786 8168
203 116 1656 2005 2274 2957 3376 4175 5319 5810 6039 6142 6169 7397 8848 9279
204 63 267 290 520 744 1170 1221 2084 2129 2393 2458 2565 2735 5003 6554
205 393 398 466 3026 3362 3857 4431 4545 4557 4584 6171 6470 6641
206 1063 1109 3470 4837 6251 7280
207 196 294 353 527 878 1438 1726 2095 2838 3133 3630 4035 5547 9129
208 726 766 1327 1590 1676 1948 2569 4370 4612 5185 5204 5566 6222
209 47 419 636 2876 3838 7788 8584
210 261 521 664 830 925 956 1545 1611 1731 2471 4671 4757 5304 7439 7998
211 214 703 717 1372 6600 7204 7812 8881 9499 9937
212 913 1541 1727 1811 2947 3725 4106 4353 5005 5852
213 2104 2190 5217 6531 6747 8118
214 244 714 2055 4402 4949 5070 5179 6355 6659 6807 6857 7103 7509
215 771 1055 1584 2713 3975 4826 6023 6363 6411 6490
216 360 488 2416 2624 2733 3207 3506 3647 3795 4082 4479 4855 5763 6320 7486
217 3847 4978 5384 5689 7029 7300 7370 7630 8660 9586 9964
218 247 2935 4058 4282 5189 6262 6343 6414 7186 7494 7917 8451
219 412 579 998 1947 2120 2625 2690 2948 3240 8701 9283
220 863 1401 4472 4736 5813 6103 6117 6413 6451 7011 7604 7675 8017 8577
221 635 4003 5212
222 1377 1933 2647 2758 6111 7909 8065 8772 9348
223 1124 2377 2705 4227 4426 5516 5984 6308 6893 8506 8807 9730
224 243 1287 1931 2602 2774 4322 4760 4857 5404 5445 5525 7091 7426 7617 8946
225 2338 3157 4051 6693 8797 8935
226 211 407 1242 1318 1475 1847 2020 2264 2355 4332
227 207 232 587 724 745 1116 1362 1566 2103 4034 6002 6294 9040
228 54 401 844 880 1579 2953 3874 4040 5429 5899 6035
229 138 272 906 1562 2158 3160 3445 3803 3869 4643 5082 5143 5413 5725 6080 6716 7634 9467
230 542 721 807 1226 1265 1617 3915 4361 4964 5206 5904
231 537 1389 2712 4598 6398 8080
232 3116 3672 4702 5120 6207 8997
233 439 490 1980 2305 2576 3380 3744 4540 7358 8135
234 781 2114 2351 4601 5356 5623 5700 5869 6719 6945 7116 7453 9264
235 625 2185 3650 3973 5210 8015 9816
236 52 1512 4105 5724 6522 8198 8809 9243
237 612 1017 2238 2958 3203 4249 4563 5865 5876 7086 8521 9010
238 395 1480 1684 2080 3456 4067 4732 8307 9735 9847
239 553 692 1172 2517 3759 9208
240 56 431 1056 1271 2356 2720 3266 3773 3941 4843 7393 8154 8580
241 1011 2928 4116 4454 4618 4762 5213 6118 6920 6997
242 4562 8003 8133 8585 9304
243 1553 2052 2059 2061 2151 3287 4856 5684 8893
244 143 1224 1819 2220 2718 4139 6244 7359 8910
245 1537 1740 3033 3899 7434 8244 8312
246 1691 2106 2518 3074 3387 4608 6629 9457
247 946 1036 1565 1953 2023 2412 3153 3269 3392 3523 3765 4750
248 974 1046 1196 1211 1441 2177 3657 3920 4168 5530 8125
249 1212 2100 3151 3886 5871 6633 6815 6816 8782 8965 9090 9181 9963
250 1270 1540 1769 6511 7739 9532
251 934 1065 1101 3040 3543 3696 4673 4724 5174 5263 5683 7135 8022
252 1089 2143 2649 4076 5012 5726 6066 6428 6440 8444 8844
253 558 1667 1715 2986 3868 4597 4810 5139 5364 6662
254 1269 1796 2038 2126 3414 6250 6791 7386 7694 8436 8802
255 120 1420 1776 3270 3563 3923 4385
256 758 943 3085 4141 4230 5454 5849 6354 8682 8936 9014 9632
257 1768 1907 2328 2590 4729 8066 8341 9005 9947
258 3100 4215 6329 6700 8399 8879
259 914 1347 1527 1816 3679 4888 5607 7293 7608 8861 9198
260 154 1282 1501 1549 1940 2419 3286 3708 4261 4574 4592
261 414 783 2290 3525 3578 5696 5883 8029 8744 9608
262 615 681 2096 2310 2340 3188 4389 5259 6180 6278 6873 8566
263 42 723 1008 1079 1745 3057 3768 3846
264 163 2407 3296 4512 6291 7707 7730
265 14 954 1023 1348 2067 2653 2732 3478 3604 3989 4817 5719 6044 8503 8851
266 2078 3264 5391 7095 7594 7676 8266 8449 8898
267 1496 3717 3895 4216 5699 6818 7226 8548 9314 9540 9628 9930
268 1409 1614 2629 3539 5414 5859 6957 7838 7976 8284
269 65 686 713 884 1908 2413 2579 2826 3627 4539 4811 5072 5135 5340 6889
270 1133 1223 2423 2744 2994 3415 4145 6287 7111 7430 8608 9071
271 375 504 511 667 1155 1339 1767 2687 2873 2881 2925 3290
272 231 352 888 999 3101 3288 3712 4244 5841 7487 8708 8904 9138
273 323 483 1568 3172 4571 5667 6172 6219 8557
274 545 3141 4142 4265 4471 5342 6127 6886 7083 7996 8539
275 874 1884 2225 3541 4470 6341 6586 8212
276 48 279 1028 1729 3056 3356 5476 6702 7156 7541 9056 9436
277 309 626 810 2039 3069 3461 3586 3986 4537 6022 6605 7974 8146 8193
278 350 893 894 1033 2703 5017 5880 7150 9750
279 22 2572 3953 3987 7305 7868 8013 8264 8545 9938
280 551 670 984 1777 1789 2024 2891 5386 7049 7121 7217 7368 8947 9764
281 203 661 765 1193 2824 3004 3993 4208 5150 5242 6179
282 145 442 578 1134 2121 2483 2598 2751 3693 3837 5097 5125 5640 5773 7456 8722
283 376 561 950 955 1218 2956 2990 3245 3852 4725 5001 6229 7202
284 4677 5232 5951 6104 8176
285 382 1530 3377 7653 7805 8042 9070 9725
286 220 445 1393 2919 3404 3535 4041 4317 7369 8094 8342 9820
287 1247 2396 2951 4079 4715 4735 5702 5766 5864 6299 6300 6950 8528
288 848 862 1482 1666 2743 4291 4672 8592 9396
289 144 447 960 1232 1453 3526 3624 3794 3892 5942 6635 8106
290 1399 1630 1904 4962 5591 5867 7078 9846
291 61 316 1986 2674 2791 2844 3034 3918 4703 7671 7843 7893
292 573 1664 2256 2741 3252 3608 4088 5099 6556 7141 8157
293 99 331 1099 3487 4773 6424 6575 7429 8210 8612 8636 9949
294 648 1536 2996 3475 6384 7018 7725 9894
295 421 3390 4376 5363 6776 6956 7036 7597
296 470 1687 1780 2538 2633 3059 4262 5406 6214 6686 7125 7215
297 1655 3432 3834 4763 5488 8602 9173 9645
298 594 3248 3840 4475 5576 6399 6879 7052 7278 7848 9990
299 101 975 2921 5569 5605 6515 6657 6921 6932 7110 7187 9739
300 111 596 1188 1310 1423 1885 2324 2680 2775 2819 4340
301 3406 6896 8668 9672
302 710 1324 1705 1943 2284 2961 5075 5081 5474 6351 8842 9961
303 400 1474 1800 3816 4866 5245 5529 7787 8658 8721 8991 9573 9824
304 1031 2368 3327 5603 6745 7529 7641 8336 8604 9453
305 256 1123 2249 3143 3310 3713 3833 4458 5751 9478
306 194 976 989 2591 2870 3124 5645 5931 6234 6943 7058 8816
307 208 320 731 966 1072 1094 2599 4047 4243 4543 5076 5129 6406
308 2707 3147 4377 5146 5203 5400 6457 6526 6849 7686 8654 8771
309 649 1135 3675 5415 5789 6750 7148 7251 9127 9869
310 1177 2802 4102 5173 5382 6904 8180 9648
311 1336 1503 2289 7016
312 1162 3016 7329
313 489 663 827 1622 1689 1761 1886 3827 5369 7525 7645 8706
314 30 617 738 952 1427 1556 2286 2837 2867 3605 4320 4626 5997 6823 7112
315 3284 7811
316 132 603 861 1510 1625 2693 3660 6162
317 8 60 544 2865 5950 6888 7770 8373 9582
318 1863 2378 4281 5367 8518 9281
319 1064 2391 4412 5713 9837
320 140 305 1415 1425 1862 2360 2988 3045 3845 4123 4745 5482 5737
321 897 2146 2424 4001 4146 5105 7647
322 718 2361 8953
323 118 519 583 2092 3308 3522 6725 6758 8560 9625
324 1010 7062 9613
325 134 137 217 614 977 1779 2309 3791 7690 7943 9757
326 650 1120 1640 3158 4491 5390 6371 7132
327 105 300 1118 1161 1323 1639 1798 1815 1837 2934 3782 4638
328 195 629 790 1669 3910 4615 9441
329 5279 5375 5449 7061 8252 8413
330 75 3298 3714 3826 6072 6131 6770 7176 7859 9291
331 1710 2132 3003 3408 3548 4767 9463
332 1807 1820 3443 4351 4711 7097 7794
333 2050 2180 2234 3902 4708 5512 6019 6303 7040 8113
334 4617 7435 9387
335 20 4026 5723
336 1351 1832 1979 2833 5520 6065 7137 8218 8598
337 4806 5254 6810 7441
338 312 1073 2242 3772 4699 4982 5067 7209 7663 7980
339 114 1720 4221 4867 6611 6800 6958 7088 7272 8005 8147 8651 9523
340 199 303 608 630 2265 2479 3908 6741 7017 7232
341 384 2219 2573 2812 3682 3995 4635 5940
342 368 381 841 2551 3532 4312 5201 5481 5658 5898 8035 9357
343 3555 3580 3710 6632 7143
344 222 1716 2248 2970 5886 5990 7701 7796
345 17 1973 3313 5039 5300 7591 8969 9760
346 3189 3318 4331 6336 6465 8249 8854
347 153 1454 1991 4007 4506 5132 8111 9801
348 2689 5657 9184 9193 9745
349 19 763 1306 7012 7844 8287 8473 9131
350 1113 6658 6965 8357 9815
351 224 645 1675 2153 3064 7665 9354 9415 9850
352 498 1003 2203 2500 2639 3121 3593 5600 6102 7841 8081 8790
353 6844 9650 9813
354 668 2673 2757 5008 5590 6959 7139 7254 8277 8394
355 1686 1743 3089 3922 6546 6813
356 2999 3083 4497 5031 5163 5496 5611 7636 7773 8868 8907 9025 9844
357 420 1022 1349 2478 3191 3698 4979 6606 6838
358 3743 3805 4133 6148 6420 9217
359 2691 4646 5207 5601 6974 7420 7682
360 13 3659 9223 9426 9910
361 3023 3099 3656 4579 9979
362 428 869 1205 1848 2664 3610 4406 5063 6167 6592 7260
363 1145 1240 3065 3979 6312 7234 8535 8630 9035 9254 9641
364 2980 9406 9726
365 829 1006 2941 3017 4722 4805 6054 6402 6772 7326
366 1753 4278 4415 6653 8591 9626
367 1057 1294 3751 8971 9432
368 165 1257 2033 2276 3877 6190 6668
369 3777 7803 9101 9802
370 1194 2128 3839 4260 4264 5503 6520 6837 7053
371 84 541 2398 2875 3251 4063 6581 7394 8037
372 1994 2559 2634 2962 5812 7128 7171 7211 7710 7938
373 473 1357 1935 4246 4295 7317
374 3513 4614 6010 6106 6707 7720 7937
375 0 2571 2583 3165 4445 5361 5868 6085 6323 6755 8092
376 438 924 2030 2646 2852 3196 3897 5943 6007 7743
377 2262 4542 5270 6506
378 734 858 1792 2385 3067 4192 4694 7069 7413 8429 8858 9185
379 1422 3366 7997 8890 9300
380 818 2196 5155 5463 5510 5740 5848 6176 6483
381 678 1802 3520 4905 5238 5755 7354 9054
382 115 2597 3533 3642 9043 9809
383 100 372 5290 6915 8814 9714
384 727 971 1464 1627 1878 1941 2493 3901 4751 4851 5182 7835 9519
385 187 413 852 1020 1484 1673 2245 2568 2645 3363 5497 7082
386 268 1892 2895 3820 4095 4390 6101 6211 6324 7366 8456 8648 8967
387
388 6840 9353
389 569 2524 3032 3551 4111 4279 4399 5596 6784 6836 6891 7117 7693 8136
390 108 233 876 981 1150 1840 2066 2345 2832 3364 4769 5050 6177 7340 7483
391 2271 5793 7721 8186
392
393 38 712 2455 2491 2926 4112 4383 5107 5750
394 136 3126 3669 4973 5798 6504 8542
395 1178 1903 1922 1955 3985 5161 6269 7192 7824 8916
396 198 1838 3293 3394 3409 4850 7491 7600 8047
397 1340 1434 2142 3528 3596 3859 4449 5818 6749 7390 9785
398 2003 2201 2325 2894 3285 3301 5156 5355 5457 7073 7606 7990 8011 9013 9790
399 2697 2772 4418 9423
400 1719 2390 2954 3225 3336 3508 4852 5236 5439 6098 6669 7659 8078 8460
401 1652 3164 3581 5932 6078 6388 6962 7503 7681 8418 9382 9593
402 2 767 1410 1774 2719 3421 3806 4381 5533 6968 7009 9076
403 1316 1452 2939 5308 5552 6020 6862 7962 8226 8299 9377 9950
404 468 997 5857 6116 6334 6449 7706 8303
405 92 409 2434 2567 3079 3616 5780 6627 6737 8270 8564 9003
406 919 1552 2581 3611 3968 4422 4462 5317 6265
407 574 973 1130 1449 1858 1960 1988 2554 2601 2854 3349 3422 4021 6045 7654 7779 8167 9428
408 1000 3037 3371 5251 8644 9684
409 1275 1360 1853 2311 3168 3169 3496 3503 3643
410 1198 4125 6311 6883 7216 7510 8202 9177 9256
411 922 1866 5949 6534 6799 6812 6918 8450
412 328 3674 3716 3939 5695 6588 6684 9004 9363
413 411 1818 1939 2233 3893 5945 7657 8678 9355
414 2936 4954 5388 6429 6436 7123 7589 8899
415 1785 2217 5656 5874
416 1992 2389 2794 3073 5093 7182 7540 8332
417 1382 1881 2807 3462 7180
418 588 658 1576 2394 2472 2742 4042 4442 4819
419 269 694 1508 2842 3945 4625 4741 5165 9039 9418
420 1419 2864 4480 5080 6549 9920
421 326 1755 3554 4022 4602 4613 5000
422 802 4203 4286 5537 9366 9528
423 1288 2195 2544 3186 3622 4688 5331 5934 5937 6153 6544 6922 8343 9244 9332
424 457 849 3258 3882 6166 8427
425 652 843 871 900 2549 3046 3960 4161 5286 6377 7063 8718 9347 9580
426 266 449 606 1164 1752 3883 7784
427 1136 1956 3553 3947 5320 5450 9335 9567
428 1570 2173 3614 4017 4627 5058 5506 6315 6599 6842
429 792 860 3529 5891 7268 7513 8878 9176 9885
430 3211 3932 5365 5588 8632 9746
431 1626 2587 2906 3229 4755 5089 6100 6858 7950
432 760 1965 2301 3623 4586 4913 4940 5287 5517 5674 6940 7292 7851 8634
433 458 3330 4630 4815 5172 5753 6697 7197 7819 8236
434 408 1817 3425 6200 8501 8737 9653
435 507 819 4640 7152
436 600 2750 3900 5191 5441 6383 6676 8345
437 3154
438 2508 3373 3473 4749 5127 6926
439 158 1379 2082 2469 2985 4197 5104 6094 6733
440 1213 1587 1600 1690 1942 3058 5302 5385 5718 6263 6380 7545 7862 8428
441 1220 3707 4360 4990 6594 7250 7958 8921 9030 9158
442 3959 5902 6356
443 789 2027 3636 5074 5815 8637 8764
444 1159 1728 6043
445 3557 7277
446 73 469 1984 2445 4124 4915 4993 7115 7485 8169
447 218 902 2046 2724 5499 5803 6253 6542
448 11 1169 3159 3825 4341 7569 7599 8480
449 3337 4000 6699
450 2108 2226 4433 5553 5693 5739 7147 7175 9635 9882
451 349 597 1385 2211 2263 2545 5554 6983 8835 9046
452 580 2403 3236 4066 4606 4660 5358 6884
453 3095 5433 6732 6906 7922 8054 8138 8574 8760
454 1111 1888 2818 2823 3260 7825 9207
455 3433 6254 6484
456 1421 6360 6824 9559 9598
457 10 2631 5490
458 78 826 905 1176 4324 5141 5437 6113
459 1007 4578 5827 8925
460 696 2457 4895
461 4333 6397 6848 9663 9728
462 4775 5779 6258 6948
463 1016 1029 3274 3737 4742 6114 6731 6763 9427
464 1407 3849 6492 8888
465 595 1122 2878 3066 5419 7102 7495 8055 8742
466 124 701 2313 5200 7089 7286 8061
467 1014 2401 4115 4891 4996 5281 5594 5895 5912 6031 7349
468 3234 6332
469 719 3183 4451 5772 8256 8433
470 1592 4771 6290 7264 9858
471 4955 6331 7051
472 388 482 870 4685 5166 5469 6264 6871 7886 8025 9438
473 1997 6448 6505 7336 9082 9473
474 4093 5329
475 512 2656 2778 4374 5348 5758 6064 6590 6646
476 282 825 3547 5800 6283 9592
477 1039 1239 1328 1429 1506 3655 9936 9945
478 1127 1920 2083 3591 4162 5616 5917 6642 6727 8152 8723
479 566 8663 9042
480 3479 4438 7809 8767 9407
481 110 1490 2685 3215 3864 4728 5570 5652 5659 5900 7246 9331
482 4251 6273 6596 9045
483 4629 5425 5936 6404 9170 9555
484 639 657 5573 5964 9511 9669 9744
485 1293 3123 3881 4566 4683 6685 8188 8685 9971
486 813 1244 1268 2406 2955 4942 4970 6978 7952 9526 9553
487 1252 8021 9429
488 4645 6083 8260 9379
489 1737 3262 5879 6468 6931
490 4316 4799 5854 7987
491 44 285 356 568 3084 9548
492 1083 6933 8622 9564
493 1381 4752 6011 7915 8194 8265 9784
494 127 2206 6781 8069 9611
495 2811 4674 6249 6612 7708 8207 8267
496 103 640 1139 1440 1616 3192 6272 6993 7025 8004 8387 8581
497 5293 5586 6316 6652 7057 8787 9276
498 1938 5153 5305 6170 6793 8690 8819 8915 9591
499 867 1860 1898 2578 3115 3996 4049 4789 4814 5654 6242 9258
