100
0 558 610 896 905 928 935 995 1040 1110 1136 1137 1143 1242 1252 1254 1278 1331 1369 1422 1462 1469 1494 1512 1522 1523 1536 1551 1552 1579 1630 1643 1656 1668 1676 1684 1725 1980 2076
1 377 477 600 613 615 815 847 946 949 974 1021 1030 1089 1177 1185 1287 1290 1323 1327 1333 1338 1353 1388 1403 1420 1433 1440 1443 1471 1473 1581 1598 1632 1710 1715 1721 1758 1780 1894 1918 2572 6049
2 0 1 2 3 4 5 6 7 8 9 10 11 12 13 14 15 16 17 18 19 20 21 22 23 24 25 26 27 28 29 30 31 32 33 35 37 62 176 2264 3244 3756
3 725 768 809 853 913 999 1118 1329 1455 1456 1466 1549 1577 1602 1652 1681 1703 1888 1937 2047 2067 2093 2095 2124 2258 2265 2352 2417 2463 2518 2567 2656 2676 2696 2717 2784 2880 3097 3121 7677
4 668 877 1094 1431 1559 1637 1950 1956 2132 2164 2260 2275 2512 2523 2585 2623 2704 2706 2791 2807 2855 2894 2928 2949 3033 3067 3227 3275 3335 3348 3404 3420 3587 3646 3654 3999 4130 7055
5 202 245 411 439 537 552 650 656 694 696 716 747 786 894 930 937 965 977 986 1014 1024 1031 1173 1174 1188 1240 1277 1283 1286 1343 1345 1357 1399 1454 1550 1584 1590 2614
6 106 137 153 172 177 208 244 255 280 292 294 308 328 334 348 349 350 387 388 392 395 405 408 419 441 459 481 482 529 628 869 1122 1310 1502
7 107 237 288 338 383 430 461 462 486 555 597 605 677 691 714 750 781 796 807 833 866 875 885 888 933 944 992 1010 1103 1315 1452
8 1377 1495 2700 3626 5530 6938
9 163 164 201 412 458 468 470 507 510 527 540 544 569 584 631 674 676 686 687 727 749 873 911 912 938 983 991 1093 1318 1367 1398 1554 1661 1790 6304 6729
10 123 372 473 560 570 617 620 643 718 761 824 831 870 915 924 957 1048 1196 1253 1275 1282 1328 1339 1411 1421 1436 1453 1483 1485 1516 1534 1544 1660 1667 1707 3477 5926
11 79 136 185 216 254 256 272 306 336 364 418 475 493 542 548 603 651 664 667 670 693 792 798 803 805 810 825 902 1183 1834
12 88 247 274 367 394 413 421 427 533 573 595 624 706 728 790 851 884 895 904 910 993 1009 1082 1084 1197 1199 1204 1226 1298 1401 1406 1435 1546 2112
13 1924 1984 2376 2464 2546 2790 2947 3196 3262 3556 3717 3880 3964 4055 4094 4209 4348 4397 5263 5307 5482 5532 5763 6115 6260 6556 6608 6943 6982 7242 7282 7382 8130 8687 8817 8888 8904 9205
14 1053 1104 1234 1347 1519 1641 1709 1803 2049 2115 2126 2225 2279 2339 2595 2815 2975 3070 3074 3125 3162 3238 3255 3383 3402 3469 3527 3773 3894 3986 4111 4188 5721 6604 9559
15 43 52 55 60 61 63 67 69 84 86 90 92 97 109 112 113 125 130 134 138 143 147 150 151 157 170 173 182 183 186 203 206 212 231 273 404 1263 7585
16
17 959 1396 3025 5893
18 925 4147
19 492 523 708 764 832 1164 1181 1244 1306 1341 1524 1685 1730 1794 1942 2041 2079 2186 2214 2224 2564 2776 2859 2879 2909 3046 3428 3699 3744 3758 4107
20 506 640 849 907 1117 1121 1169 1225 1364 1514 1678 1702 1771 1817 1919 2019 2097 2150 2180 2298 2418 2474 2849 2930 2969 3027 3052 3232 3270 3405 3431 3497 3505 3619 3718 3899 4067 4136 4192 4197 4225 4232 4449 4688 7048
21 281 310 341 386 403 463 538 636 649 683 730 784 828 834 852 887 914 942 1042 1075 1087 1098 1129 1152 1201 1222 1238 1292 1293 1297 4247
22 47 66 70 76 78 82 93 101 105 111 115 116 118 124 129 133 139 161 195 205 207 220 224 225 226 236 251 268 270 303 583 909 2848
23 410 452 479 591 746 763 1086 1119 1190 1300 1351 1407 1450 1537 1628 1801 1802 2202 2227 2396 2439 2479 2487 2524 2629 2837 2885 3028 3126 3177 3189 3839 4600 7584
24 284 426 539 550 641 771 871 906 971 1145 1151 1212 1325 1349 1477 1500 1625 1658 1800 1900 1978 2168 2188 2393 2492 2956 3012 3171 3176 3210 3330 3349 3416 7086 7373
25 1200 1490 1645 1965 2269 2310 2587 2699 2770 3079 3139 3479 3655 3662 3980 4038 4140 4216 4392 4544 4724 4806 4896 5024 5072 5259 5511 5538 5637 6148 6499 6534 6973 7087 7322 7354 7416 8489
26 168 449 488 547 675 740 882 890 941 1019 1056 1210 1218 1257 1269 1397 1515 1623 1779 1843 1855 1897 1936 1967 1996 2052 2195 2288 2297 2335 2368 2437
27 228 320 322 373 376 407 409 415 417 431 443 487 575 586 593 619 623 680 739 855 919 920 936 990 1038 1055 1091 1142 1172 1539 1633 1751 1954 6337
28 612 621 653 791 836 1026 1150 1165 1191 1220 1344 1378 1583 1627 1653 1665 1677 1694 1717 1724 1788 1830 1886 1917 1931 2048 2272 2356 2385 2486 2516 2576 2819 3190 3458 3768 5921
29 437 442 562 793 891 966 1127 1149 1157 1217 1545 1697 1811 1882 1908 2455 2644 2955 2983 3148 3369 3764 3842 6992 7566
30 532 625 1219 1324 1356 1610 1904 1933 2167 2460 2563 2698 4378 4801 7408 8740
31 128 132 187 199 302 380 399 464 554 580 582 596 622 712 722 735 776 812 842 881 953 960 1106 1140 1159 1167 1267 1301 1326 1362 1387 1467 1528 1593 1620 1734 1783 2504 4487
32 521 549 577 806 975 1125 1248 1359 1372 1414 1498 1558 1574 1663 1741 1749 1973 2557 2609 2836 2856 2965 3308 3398 3436 3489 3761 3853 3914 4530 4741 8988
33 973 1025 1049 1404 1603 1606 1807 1962 1990 2059 2370 2444 2453 2521 2547 2555 2862 3119 6656 7208
34 305 862 892 1007 1446 1576 1626 1647 1767 1872 1884 1891 2248 2569 2713 2727 2817 2868 2892 2915 2964 3207 3212 3218 3437 3522 3523 3643 3681 4142 4623 4728
35
36 1797 2506
37 385 496 681 865 886 931 989 1006 1029 1045 1095 1096 1214 1233 1256 1358 1508 1556 1695 1785 1921 1986 2070 2096 2117 2147 2377 2430 2693 2814 3102 3156 3342 3471 3667 4132
38
39 1101 1520 2229 2332 2798 2898 3298 3401 3481 3554 3845 3954 4028 4367 4629 4768 5391 5480 5705 5849 5895 6294 6446 7104 7108 7358 7839 8000 8300 8316 8340 9194 9420 9878
40 453 755 917 972 1958 2442 2541 2720 3098 4849
41 382 393 491 516 665 1175 1211 1304 1441 1449 1493 2243 2344 2415 3135 4255 5982 6232
42 340 908 943 1373 1386 1789 1999 3019 3061 3454 3585 3624 3689 4084 4186 4296 4344 4379 4537 4736 5011 5044 5066 5077 5153 5157 5220 5298 5543 5765 5772 5783 5837 5907 5973 7360 8929
43 1068 1513 1876 2480 4680 6126 7112
44 370 483 671 742 1002 1246 1488 1569 1826 2050 2568 2884 3372 4096 4127 6169 7252 7594 8966
45 45 80 120 121 135 162 171 181 213 243 252 309 315 332 337 357 363 368 397 414 433 471 472 502 551 571 765 782 808 820 822 861 1000 1312 1412
46 196 729 777 898 1003 1107 1111 1155 1337 1451 1692 1775 1902 1944 1972 2142 2361 2729 2966 3023 3076 3249 3264 3381 3677 3848 3872 3901 4148 4185 4582 4686 4750 4755
47 344 517 614 673 1085 1235 1461 1521 1582 1618 1680 1899 1913 2038 2199 2392 2413 2551 2987 4549 4795 5248 5388
48 300 335 745 795 934 1054 1062 1394 1526 1731 1812 1858 1869 1906 2139 2210 2249 2319 2443 2469 2593 2619 2761 2842 2945 2985 2988 3118 3193 3269 3273 3278 3468 3486 4103 4696 7007
49 970 994 996 1061 1671 1716 1759 1844 1856 1883 2127 2238 2554 3058 3215 3229 3332 3452 3485 3490 3520 3716 3720 3846 3902 4002 4008 4276 4331 4342 4428 4721 4763 5896 6165 6290 8271 9665
50 233 365 500 592 634 1020 1232 1376 1482 1599 1784 1970 2035 2292 2321 2412 2477 2513 2542 2762 2828 3056 3250 3341 3343 3377 3443 3789 4074 4139 4242 4303 4309 4995 5016 8839
51 1342 2008 2613 2756 2826 3084 3576 3722 3734 4433 4601 4677 4946 5095 5501 5505 5612 5717 6211 6237 6566 6877 7140 7200 7300 7404 7694 7711 8513 8618 8845 8986
52
53 286 490 534 609 688 839 863 899 1077 1144 1228 1478 1851 1866 3528 3548 4478 4630 4838 7064 7726 7791 8162
54 180 234 241 398 451 773 799 830 918 954 1330 2025 2316 2325 2426 2580 2666 2711 2816 2860 3117 4181 4552 4742 4837 5020 6043 6215 6281 6438 7209 8240 8491
55 146 152 166 175 189 246 296 366 374 416 444 460 505 512 522 572 594 635 704 720 759 827 860 900 939 952 978 1044 1051 1209 1334 1368 1408 1587 1813 3110 6887
56 707 948 1063 1309 1646 2349 2522 2549 2650 2746 2832 2982 3365 3577 3698 5795 8843 9175
57 260 369 422 484 531 566 567 963 969 1336 1708 1755 1877 2173 2241 2348 2436 2927 3831 3975 3989 5965 7325 7672 7918 9566
58 629 850 1004 1043 1739 2534 2640 2750 2760 2893 2907 4564 5231 5541 5892 5925 6482 6483 6486 6568 6652 6720 7111 7123 7389 7478 7619 8217 8682 9183 9307 9454 9759
59
60 311 758 1131 1504 1607 1617 1841 2089 3384 4112
61 984 1460 2649 2769 2976 3939 4674 5751 7120
62 1503 2445 3429 3459 5672 5702
63 976 1314 1560 2467 2511 2788 3111 3112 3337 3709 3711 3991 4406 4636 4764 5190 5328 5372 5405 5410 5579 5770 5857 6101 6219 6428 6730 6942 7121 7809 7892 8178
64 679 778 962 1384 1638 1732 2406 2433 3032 3200 3334 5840 6767 6820 8799 9397
65 313 396 432 546 734 835 1108 1130 1247 1385 1491 1922 1938 2287 2805 3682 3860 3976 4584 4725 5216 5412 8055 8761 9464 9693
66 947 1413 1418 1541 1951 2055 2311 3142 4477 6980 9277
67 48 51 71 110 119 127 149 155 160 165 174 178 218 258 343 400 457 474 494 497 511 519 535 545 588 606 646 657 661 711 723 1171 1365 1434 1564 3389 3767
68 279 324 509 1139 1202 1428 1688 3293 3411 5350 5667 6491 6760 6961 8241 9360
69
70 607 626 1113 1203 1295 1400 2121 2780 3113 5264 5539 9372
71 1239 1470 1634 1650 2611 3173 3941 7135
72 2636 6082
73 1057 2211 2454 3649 4915
74 242 446 811 1036 1182 1346 1622 1818 1987 3292 3759 4221 4427 4429 5346 7909
75 454 489 578 1071 1073 1178 1670 2448 2616 2897 2963 3169 3288 3362 3487 3833 4834 6450 8734 9718
76 495 819 867 1160 1355 1535 1588 1636 1752 1836 1870 2938 3001 3060 3279 3323 3325 3408 3445 3780 3849 3918 3992 4053 4422 4868 5071 5185 5313 5415 5427 5607 5681 5805 5946 6040 6402 8095 8245
77
78 2042 3994 7995
79 238 371 485 498 897 1041 1050 1193 1415 1448 1479 1487 1557 1700 2182 2712 3011 3259 3303 3340 3526 3983 4122 4281 4580 4971 5069 5241 5520 5883 6279 6559 6662 7378 8244 8978 9514 9657
80 287 361 762 840 844 916 968 1065 1141 1208 1237 1572 1846 2063 2702 2794 3743 5443 9884
81 159 169 235 304 355 524 662 700 736 801 823 988 1064 1126 1424 1616 1750 1887 2064 2217 2465 2500 2604 2661 2882 2913 2922 2939 2968 3549 3631 3858 9512
82 508 565 1303 1615 1649 1983 2967 4027
83 266 779 859 998 1013 1532 1595 1823 1857 1895 2654 3656 3730 4178 5440 5688 7315 9556
84 204 222 229 289 440 563 564 647 864 1078 1186 1227 1236 1258 1425 1737 1745 1939 2002 2378 3008 3022 3140 3222 3281 3412 3537 3561 4347 4363 4835 4909 5063 5582 6024 6357 6386 7908 8969
85
86 117 145 192 211 230 267 275 277 278 381 428 525 559 568 579 599 697 724 726 780 829 879 1035 1099 1153 1294 1299 1465 1468 1529 1591 1757 1795 1847 2175 2235 2327
87 2071 2334 3299 6229 6407 7301
88 2212 2674 4171 4928 9358
89 1154 1265 1733 1966 3137 3883 4311
90 425 1008 1016 1034 1052 1427 1885 2681 3092 3552 3814 3977 4357 4360 4551 5428 5552 6012
91
92 611 1505 1605 1624 1673 2314 2482 2738 2958 4313 4366 6466 9199
93 3706 4319
94 4657
95 997 2865 3476 3751 5390 5442 5564
96 197 219 249 467 504 1361 1374 1417 2003 2099 2102 2239 2240 2732 2818 3397 4914 6376 6783 9805
97 167 297 1192 1206 1395 1492 1609 1621 1738 1868 1991 2475 2600 2618 2889 2936 3093 3151 3771 3803 3997 4064 4690 4852 5065 5202 5381 5646 5674 5708 5712 6096 6102 6341 6650 7116 9630 9691
98 1090 2039 2110 2665 2675 2827 3145 3214 3955 4029 4083 4245 4692 5130 5380 5394 5645 5748 6023 6079 6201 6546 6932 7022 7507 7544 8349 9123 9155 9177
99 319 326 406 447 503 608 637 785 1023 1530 1612 1648 1747 2232 2476 2478 2929 2970 3863 4494 5769 7234 7287
